<?xml version="1.0" encoding="UTF-8"?>
<testsuite name="Descargas de tarifarios" tests="1" skipped="0" failures="0" errors="0" timestamp="2020-07-13T14:58:20" hostname="CPX-8H94UR9QNFZ" time="28.429">
  <properties/>
  <testcase name="Descarga de tarifario cuentas deposito exitoso" classname="Descargas de tarifarios" time="28.429"/>
  <system-out><![CDATA[No se pudo validar la comparacion de las ventanas
]]></system-out>
  <system-err><![CDATA[Jul 13, 2020 9:58:21 AM org.openqa.selenium.remote.DesiredCapabilities chrome
INFO: Using `new ChromeOptions()` is preferred to `DesiredCapabilities.chrome()`
[Test worker] INFO net.serenitybdd.core.webdriver.driverproviders.ProvideNewDriver - Instantiating driver
[Test worker] INFO net.serenitybdd.core.webdriver.driverproviders.ProvideNewDriver - Driver capabilities: Capabilities {acceptInsecureCerts: false, browserName: chrome, chrome.switches: --lang=es,--disable-popup-b..., goog:chromeOptions: {args: [--lang=es, --disable-popup-blocking, --disable-download-notifica..., --start-maximized, --test-type, --ignore-certificate-errors, --allow-running-insecure-co..., --disable-translate, --always-authorize-plugins, --disable-extensions, --incognito, --enable-automation, --test-type], extensions: []}, loggingPrefs: org.openqa.selenium.logging..., platform: ANY, version: }
Starting ChromeDriver 2.44.609538 (b655c5a60b0b544917107a59d4153d4bf78e1b90) on port 12325
Only local connections are allowed.
[1594652309.245][WARNING]: Timed out connecting to Chrome, retrying...
Jul 13, 2020 9:58:31 AM org.openqa.selenium.remote.ProtocolHandshake createSession
INFO: Detected dialect: OSS
[Test worker] INFO net.thucydides.core.steps.ConsoleLoggingListener - ?[92m
        __    _____ _____ ____ _____   ____   _    ____  ____  _____ ____  
  _     \ \  |_   _| ____/ ___|_   _| |  _ \ / \  / ___|/ ___|| ____|  _ \ 
 (_)_____| |   | | |  _| \___ \ | |   | |_) / _ \ \___ \\___ \|  _| | | | |
  _|_____| |   | | | |___ ___) || |   |  __/ ___ \ ___) |___) | |___| |_| |
 (_)     | |   |_| |_____|____/ |_|   |_| /_/   \_\____/|____/|_____|____/ 
        /_/                                                                

TEST PASSED: Descarga de tarifario cuentas deposito exitoso
----------------------------------------------------------------------------?[0m
]]></system-err>
</testsuite>
