<?xml version="1.0" encoding="UTF-8"?>
<testsuite name="co.com.miprueba.test.runners.DescargaDeContrato" tests="0" skipped="0" failures="0" errors="0" timestamp="1970-01-01T00:00:00" hostname="CPX-8H94UR9QNFZ" time="0.0">
  <properties/>
  <system-out><![CDATA[
?[31mFailed scenarios:?[0m
?[31msrc/test/resources/features/revision_politica_datos_personales.feature:10 ?[0m# Descarga de documento de politica de datos personales Colombia exitoso
?[31msrc/test/resources/features/revision_politica_datos_personales.feature:15 ?[0m# Descarga de documento de politica de datos personales Brasil exitoso

2 Scenarios (?[31m2 failed?[0m)
6 Steps (?[31m2 failed?[0m, ?[36m2 skipped?[0m, ?[32m2 passed?[0m)
0m59.191s

java.lang.ClassCastException: net.serenitybdd.screenplay.actions.ClickOnTarget$$EnhancerByCGLIB$$e3f2ec6d cannot be cast to org.openqa.selenium.WebElement
	at co.com.miprueba.test.tasks.DescargaDeContratoColombia.performAs(DescargaDeContratoColombia.java:28)
	at co.com.miprueba.test.tasks.DescargaDeContratoColombia$$EnhancerByCGLIB$$eb5c8a19.CGLIB$performAs$0(<generated>)
	at co.com.miprueba.test.tasks.DescargaDeContratoColombia$$EnhancerByCGLIB$$eb5c8a19$$FastClassByCGLIB$$826d0903.invoke(<generated>)
	at net.sf.cglib.proxy.MethodProxy.invokeSuper(MethodProxy.java:228)
	at net.thucydides.core.steps.StepInterceptor.invokeMethod(StepInterceptor.java:461)
	at net.thucydides.core.steps.StepInterceptor.executeTestStepMethod(StepInterceptor.java:446)
	at net.thucydides.core.steps.StepInterceptor.runTestStep(StepInterceptor.java:421)
	at net.thucydides.core.steps.StepInterceptor.runOrSkipMethod(StepInterceptor.java:176)
	at net.thucydides.core.steps.StepInterceptor.testStepResult(StepInterceptor.java:163)
	at net.thucydides.core.steps.StepInterceptor.intercept(StepInterceptor.java:69)
	at co.com.miprueba.test.tasks.DescargaDeContratoColombia$$EnhancerByCGLIB$$eb5c8a19.performAs(<generated>)
	at net.serenitybdd.screenplay.Actor.performTask(Actor.java:233)
	at net.serenitybdd.screenplay.Actor.perform(Actor.java:214)
	at net.serenitybdd.screenplay.Actor.attemptsTo(Actor.java:171)
	at co.com.miprueba.test.stepdefinitions.DescargaDePoliticaDeDatosPersonalesStepDefinition.elUsuarioDescargaElContratoParaColombia(DescargaDePoliticaDeDatosPersonalesStepDefinition.java:36)
	at ?.el usuario descarga el contrato para Colombia Revisa la política de protección de datos personales(src/test/resources/features/revision_politica_datos_personales.feature:11)

java.lang.ClassCastException: net.serenitybdd.screenplay.actions.ClickOnTarget$$EnhancerByCGLIB$$e3f2ec6d cannot be cast to org.openqa.selenium.WebElement
	at co.com.miprueba.test.tasks.DescargaDeContratoBrasil.performAs(DescargaDeContratoBrasil.java:27)
	at co.com.miprueba.test.tasks.DescargaDeContratoBrasil$$EnhancerByCGLIB$$b5a6631c.CGLIB$performAs$0(<generated>)
	at co.com.miprueba.test.tasks.DescargaDeContratoBrasil$$EnhancerByCGLIB$$b5a6631c$$FastClassByCGLIB$$4b0a79b5.invoke(<generated>)
	at net.sf.cglib.proxy.MethodProxy.invokeSuper(MethodProxy.java:228)
	at net.thucydides.core.steps.StepInterceptor.invokeMethod(StepInterceptor.java:461)
	at net.thucydides.core.steps.StepInterceptor.executeTestStepMethod(StepInterceptor.java:446)
	at net.thucydides.core.steps.StepInterceptor.runTestStep(StepInterceptor.java:421)
	at net.thucydides.core.steps.StepInterceptor.runOrSkipMethod(StepInterceptor.java:176)
	at net.thucydides.core.steps.StepInterceptor.testStepResult(StepInterceptor.java:163)
	at net.thucydides.core.steps.StepInterceptor.intercept(StepInterceptor.java:69)
	at co.com.miprueba.test.tasks.DescargaDeContratoBrasil$$EnhancerByCGLIB$$b5a6631c.performAs(<generated>)
	at net.serenitybdd.screenplay.Actor.performTask(Actor.java:233)
	at net.serenitybdd.screenplay.Actor.perform(Actor.java:214)
	at net.serenitybdd.screenplay.Actor.attemptsTo(Actor.java:171)
	at co.com.miprueba.test.stepdefinitions.DescargaDePoliticaDeDatosPersonalesStepDefinition.elUsuarioDescargaElContratoParaBrasil(DescargaDePoliticaDeDatosPersonalesStepDefinition.java:40)
	at ?.el usuario descarga el contrato para Brasil Revisa la política de protección de datos personales(src/test/resources/features/revision_politica_datos_personales.feature:16)

]]></system-out>
  <system-err><![CDATA[[Test worker] INFO net.thucydides.core.steps.ConsoleLoggingListener - ?[96m

-------------------------------------------------------------------------------------
     _______. _______ .______       _______ .__   __.  __  .___________.____    ____ 
    /       ||   ____||   _  \     |   ____||  \ |  | |  | |           |\   \  /   / 
   |   (----`|  |__   |  |_)  |    |  |__   |   \|  | |  | `---|  |----` \   \/   /  
    \   \    |   __|  |      /     |   __|  |  . `  | |  |     |  |       \_    _/   
.----)   |   |  |____ |  |\  \----.|  |____ |  |\   | |  |     |  |         |  |     
|_______/    |_______|| _| `._____||_______||__| \__| |__|     |__|         |__|    
                                                                                     
 News and tutorials at http://www.serenity-bdd.info                                  
 Documentation at https://wakaleo.gitbooks.io/the-serenity-book/content/             
 Join the Serenity Community on Rocket Chat at https://serenity-bdd.rocket.chat      
 Serenity BDD Support and Training at http://serenity-bdd.info/#/trainingandsupport  
 Learn Serenity BDD online at http://serenity-dojo.com                               
-------------------------------------------------------------------------------------
?[0m
[Test worker] INFO net.thucydides.core.steps.ConsoleLoggingListener - Test Suite Started: Revision politica datos personales
[Test worker] INFO net.thucydides.core.steps.ConsoleLoggingListener - 
 _____ _____ ____ _____   ____ _____  _    ____ _____ _____ ____  
|_   _| ____/ ___|_   _| / ___|_   _|/ \  |  _ \_   _| ____|  _ \ 
  | | |  _| \___ \ | |   \___ \ | | / _ \ | |_) || | |  _| | | | |
  | | | |___ ___) || |    ___) || |/ ___ \|  _ < | | | |___| |_| |
  |_| |_____|____/ |_|   |____/ |_/_/   \_\_| \_\|_| |_____|____/ 
                                                                  

TEST STARTED: Descarga de documento de politica de datos personales Colombia exitoso
-------------------------------------------------------------------(revision-politica-datos-personales;descarga-de-documento-de-politica-de-datos-personales-colombia-exitoso)
[Test worker] INFO net.thucydides.core.steps.ConsoleLoggingListener - 
 _____ _____ ____ _____   ____ _____  _    ____ _____ _____ ____  
|_   _| ____/ ___|_   _| / ___|_   _|/ \  |  _ \_   _| ____|  _ \ 
  | | |  _| \___ \ | |   \___ \ | | / _ \ | |_) || | |  _| | | | |
  | | | |___ ___) || |    ___) || |/ ___ \|  _ < | | | |___| |_| |
  |_| |_____|____/ |_|   |____/ |_/_/   \_\_| \_\|_| |_____|____/ 
                                                                  

TEST STARTED: Descarga de documento de politica de datos personales Brasil exitoso
-------------------------------------------------------------------(revision-politica-datos-personales;descarga-de-documento-de-politica-de-datos-personales-brasil-exitoso)
[pool-2-thread-2] INFO net.thucydides.core.requirements.PackageRequirementsTagProvider - Loading requirements from package requirements at: net.thucydides.showcase.cucumber.junit
[pool-2-thread-1] INFO net.thucydides.core.requirements.PackageRequirementsTagProvider - Loading requirements from package requirements at: net.thucydides.showcase.cucumber.junit
]]></system-err>
</testsuite>
