<?xml version="1.0" encoding="UTF-8"?>
<testsuite name="HU Envio de textos" tests="1" skipped="1" failures="0" errors="0" timestamp="2020-07-12T04:54:43" hostname="CPX-8H94UR9QNFZ" time="218.388">
  <properties/>
  <testcase name="Mensaje exitoso" classname="HU Envio de textos" time="218.388">
    <skipped/>
  </testcase>
  <system-out><![CDATA[Estoy en el before
Estoy en el when
]]></system-out>
  <system-err><![CDATA[Starting ChromeDriver 2.44.609538 (b655c5a60b0b544917107a59d4153d4bf78e1b90) on port 37983
Only local connections are allowed.
[1594529692.628][WARNING]: Timed out connecting to Chrome, retrying...
Jul 11, 2020 11:54:55 PM org.openqa.selenium.remote.ProtocolHandshake createSession
INFO: Detected dialect: OSS
]]></system-err>
</testsuite>
